<?xml version="1.0" encoding="UTF-8" ?>
<testsuite failures="0" time="0.009" errors="0" skipped="0" tests="14" name="org.openid4java.message.ParameterListTest">
  <properties>
[...]
</properties>
  <testcase time="0.002" classname="org.openid4java.message.ParameterListTest" name="testEquals"/>
  <testcase time="0.001" classname="org.openid4java.message.ParameterListTest" name="testHashCode"/>
  <testcase time="0" classname="org.openid4java.message.ParameterListTest" name="testCopyConstructor"/>
  <testcase time="0" classname="org.openid4java.message.ParameterListTest" name="testAdd"/>
  <testcase time="0" classname="org.openid4java.message.ParameterListTest" name="testGetParameter"/>
  <testcase time="0.001" classname="org.openid4java.message.ParameterListTest" name="testGetParameterNull"/>
  <testcase time="0" classname="org.openid4java.message.ParameterListTest" name="testGetParameterValue"/>
  <testcase time="0" classname="org.openid4java.message.ParameterListTest" name="testGetParameters"/>
  <testcase time="0" classname="org.openid4java.message.ParameterListTest" name="testGetParameters1Null"/>
  <testcase time="0" classname="org.openid4java.message.ParameterListTest" name="testRemoveParameters"/>
  <testcase time="0.001" classname="org.openid4java.message.ParameterListTest" name="testReplaceParameters"/>
  <testcase time="0" classname="org.openid4java.message.ParameterListTest" name="testHasParameter"/>
  <testcase time="0.001" classname="org.openid4java.message.ParameterListTest" name="testCreateFromQueryString"/>
  <testcase time="0.002" classname="org.openid4java.message.ParameterListTest" name="testCreateFromKeyValueForm"/>
</testsuite>